<?xml version="1.0" encoding="UTF-8"?>
<!-- Generated by org.testng.reporters.JUnitXMLReporter -->
<testsuite hostname="LAPTOP-G176N8GQ" ignored="4" name="Sanity Test" tests="3" failures="0" timestamp="2022-12-13T17:10:00 GMT" time="73.28" errors="0">
  <testcase name="verifyProductAddedToShoppingCartSuccessFully" time="24.559" classname="com.nopcommerce.demo.testsuite.ComputerPageTest"/>
  <testcase name="verifyThatTheProductAddedSuccessfullyAndPlaceOrderSuccessfully" time="30.91" classname="com.nopcommerce.demo.testsuite.ElectronicsPageTest"/>
  <testcase name="verifyUserShouldNavigateToElectronics" time="1.203" classname="com.nopcommerce.demo.testsuite.TopMenuPageTest"/>
  <testcase name="verifyUserShouldNavigateToCellPhonesPageSuccessfully" time="0.0" classname="com.nopcommerce.demo.testsuite.ElectronicsPageTest">
    <ignored/>
  </testcase> <!-- verifyUserShouldNavigateToCellPhonesPageSuccessfully -->
  <testcase name="verifyUserShouldNavigateToComputer" time="0.0" classname="com.nopcommerce.demo.testsuite.TopMenuPageTest">
    <ignored/>
  </testcase> <!-- verifyUserShouldNavigateToComputer -->
  <testcase name="verifyProductArrangeInAlphabeticalOrder" time="0.0" classname="com.nopcommerce.demo.testsuite.ComputerPageTest">
    <ignored/>
  </testcase> <!-- verifyProductArrangeInAlphabeticalOrder -->
  <testcase name="verifyUserShouldNavigateToApparel" time="0.0" classname="com.nopcommerce.demo.testsuite.TopMenuPageTest">
    <ignored/>
  </testcase> <!-- verifyUserShouldNavigateToApparel -->
</testsuite> <!-- Sanity Test -->
