<?xml version="1.0" encoding="UTF-8"?>
<!-- Generated by org.testng.reporters.JUnitXMLReporter -->
<testsuite hostname="LAPTOP-G176N8GQ" ignored="4" name="Sanity Test" tests="3" failures="0" timestamp="2022-12-13T17:02:52 GMT" time="18.168" errors="0">
  <testcase name="verifyProductArrangeInAlphabeticalOrder" time="1.827" classname="com.nopcommerce.demo.testsuite.ComputerPageTest"/>
  <testcase name="verifyUserShouldNavigateToCellPhonesPageSuccessfully" time="0.868" classname="com.nopcommerce.demo.testsuite.ElectronicsPageTest"/>
  <testcase name="verifyUserShouldNavigateToComputer" time="0.748" classname="com.nopcommerce.demo.testsuite.TopMenuPageTest"/>
  <testcase name="verifyUserShouldNavigateToElectronics" time="0.0" classname="com.nopcommerce.demo.testsuite.TopMenuPageTest">
    <ignored/>
  </testcase> <!-- verifyUserShouldNavigateToElectronics -->
  <testcase name="verifyThatTheProductAddedSuccessfullyAndPlaceOrderSuccessfully" time="0.0" classname="com.nopcommerce.demo.testsuite.ElectronicsPageTest">
    <ignored/>
  </testcase> <!-- verifyThatTheProductAddedSuccessfullyAndPlaceOrderSuccessfully -->
  <testcase name="verifyProductAddedToShoppingCartSuccessFully" time="0.0" classname="com.nopcommerce.demo.testsuite.ComputerPageTest">
    <ignored/>
  </testcase> <!-- verifyProductAddedToShoppingCartSuccessFully -->
  <testcase name="verifyUserShouldNavigateToApparel" time="0.0" classname="com.nopcommerce.demo.testsuite.TopMenuPageTest">
    <ignored/>
  </testcase> <!-- verifyUserShouldNavigateToApparel -->
</testsuite> <!-- Sanity Test -->
