<?xml version="1.0" encoding="UTF-8"?>
<!-- Generated by org.testng.reporters.JUnitXMLReporter -->
<testsuite hostname="LAPTOP-G176N8GQ" ignored="0" name="Computer Test" tests="2" failures="0" timestamp="2022-12-13T17:28:09 GMT" time="36.569" errors="0">
  <testcase name="verifyProductAddedToShoppingCartSuccessFully" time="24.034" classname="com.nopcommerce.demo.testsuite.ComputerPageTest"/>
  <testcase name="verifyProductArrangeInAlphabeticalOrder" time="2.123" classname="com.nopcommerce.demo.testsuite.ComputerPageTest"/>
</testsuite> <!-- Computer Test -->
