<?xml version="1.0" encoding="UTF-8"?>
<!-- Generated by org.testng.reporters.JUnitXMLReporter -->
<testsuite hostname="LAPTOP-G176N8GQ" ignored="0" name="Electronics Test" tests="2" failures="0" timestamp="2022-12-13T17:26:24 GMT" time="40.256" errors="0">
  <testcase name="verifyProductAddedToShoppingCartSuccessFully" time="25.668" classname="com.nopcommerce.demo.testsuite.ComputerPageTest"/>
  <testcase name="verifyProductArrangeInAlphabeticalOrder" time="2.453" classname="com.nopcommerce.demo.testsuite.ComputerPageTest"/>
</testsuite> <!-- Electronics Test -->
