<?xml version="1.0" encoding="UTF-8"?>
<!-- Generated by org.testng.reporters.JUnitXMLReporter -->
<testsuite hostname="LAPTOP-G176N8GQ" ignored="0" name="Top Menu Test" tests="3" failures="0" timestamp="2022-12-13T17:17:42 GMT" time="15.969" errors="0">
  <testcase name="verifyUserShouldNavigateToApparel" time="1.069" classname="com.nopcommerce.demo.testsuite.TopMenuPageTest"/>
  <testcase name="verifyUserShouldNavigateToComputer" time="1.121" classname="com.nopcommerce.demo.testsuite.TopMenuPageTest"/>
  <testcase name="verifyUserShouldNavigateToElectronics" time="1.103" classname="com.nopcommerce.demo.testsuite.TopMenuPageTest"/>
</testsuite> <!-- Top Menu Test -->
